
PLAY [install and uninstall tools zip, unzip, gzip, nano] ************************************

TASK [Gathering Facts] ***********************************************************************
ok: [centos2]
ok: [centos1]
ok: [centos3]

TASK [tools : install] ***********************************************************************
ok: [centos1] => (item=zip)
ok: [centos3] => (item=zip)
ok: [centos2] => (item=zip)
changed: [centos3] => (item=unzip)
ok: [centos3] => (item=gzip)
changed: [centos2] => (item=unzip)
ok: [centos2] => (item=gzip)
changed: [centos3] => (item=nano)
changed: [centos1] => (item=unzip)
ok: [centos1] => (item=gzip)
changed: [centos2] => (item=nano)
changed: [centos1] => (item=nano)

PLAY RECAP ***********************************************************************************
centos1                    : ok=2    changed=1    unreachable=0    failed=0    skipped=0    rescued=0    ignored=0   
centos2                    : ok=2    changed=1    unreachable=0    failed=0    skipped=0    rescued=0    ignored=0   
centos3                    : ok=2    changed=1    unreachable=0    failed=0    skipped=0    rescued=0    ignored=0   

